feb 17, 2018 1:49:07 PM UnitTests.testMonitorCompleto2$HiloGenerador run
INFORMACIÓN: 
	**********************************************************************
 	Finalizando Proceso 2, cuenta: 0
	**********************************************************************
Marcado P0: 1
feb 17, 2018 1:49:09 PM UnitTests.testMonitorCompleto2$HiloGenerador run
INFORMACIÓN: 
	**********************************************************************
 	Finalizando Proceso 2, cuenta: 1
	**********************************************************************
Marcado P0: 2
feb 17, 2018 1:49:11 PM UnitTests.testMonitorCompleto2$HiloGenerador run
INFORMACIÓN: 
	**********************************************************************
 	Finalizando Proceso 2, cuenta: 2
	**********************************************************************
Marcado P0: 1
feb 17, 2018 1:49:13 PM UnitTests.testMonitorCompleto2$HiloGenerador run
INFORMACIÓN: 
	**********************************************************************
 	Finalizando Proceso 2, cuenta: 3
	**********************************************************************
Marcado P0: 2
feb 17, 2018 1:49:15 PM UnitTests.testMonitorCompleto2$HiloGenerador run
INFORMACIÓN: 
	**********************************************************************
 	Finalizando Proceso 2, cuenta: 4
	**********************************************************************
Marcado P0: 1
feb 17, 2018 1:49:17 PM UnitTests.testMonitorCompleto2$HiloGenerador run
INFORMACIÓN: 
	**********************************************************************
 	Finalizando Proceso 2, cuenta: 5
	**********************************************************************
Marcado P0: 2
feb 17, 2018 1:49:19 PM UnitTests.testMonitorCompleto2$HiloGenerador run
INFORMACIÓN: 
	**********************************************************************
 	Finalizando Proceso 2, cuenta: 6
	**********************************************************************
Marcado P0: 1
feb 17, 2018 1:49:21 PM UnitTests.testMonitorCompleto2$HiloGenerador run
INFORMACIÓN: 
	**********************************************************************
 	Finalizando Proceso 2, cuenta: 7
	**********************************************************************
Marcado P0: 2
feb 17, 2018 1:49:23 PM UnitTests.testMonitorCompleto2$HiloGenerador run
INFORMACIÓN: 
	**********************************************************************
 	Finalizando Proceso 2, cuenta: 8
	**********************************************************************
Marcado P0: 1
feb 17, 2018 1:49:25 PM UnitTests.testMonitorCompleto2$HiloGenerador run
INFORMACIÓN: 
	**********************************************************************
 	Finalizando Proceso 2, cuenta: 9
	**********************************************************************
Marcado P0: 2
feb 17, 2018 1:49:27 PM UnitTests.testMonitorCompleto2$HiloGenerador run
INFORMACIÓN: 
	**********************************************************************
 	Finalizando Proceso 2, cuenta: 10
	**********************************************************************
Marcado P0: 1
feb 17, 2018 1:49:29 PM UnitTests.testMonitorCompleto2$HiloGenerador run
INFORMACIÓN: 
	**********************************************************************
 	Finalizando Proceso 2, cuenta: 11
	**********************************************************************
Marcado P0: 2
feb 17, 2018 1:49:31 PM UnitTests.testMonitorCompleto2$HiloGenerador run
INFORMACIÓN: 
	**********************************************************************
 	Finalizando Proceso 2, cuenta: 12
	**********************************************************************
Marcado P0: 1
feb 17, 2018 1:49:33 PM UnitTests.testMonitorCompleto2$HiloGenerador run
INFORMACIÓN: 
	**********************************************************************
 	Finalizando Proceso 2, cuenta: 13
	**********************************************************************
Marcado P0: 2
feb 17, 2018 1:49:35 PM UnitTests.testMonitorCompleto2$HiloGenerador run
INFORMACIÓN: 
	**********************************************************************
 	Finalizando Proceso 2, cuenta: 14
	**********************************************************************
Marcado P0: 1
feb 17, 2018 1:49:37 PM UnitTests.testMonitorCompleto2$HiloGenerador run
INFORMACIÓN: 
	**********************************************************************
 	Finalizando Proceso 2, cuenta: 15
	**********************************************************************
Marcado P0: 2
feb 17, 2018 1:49:40 PM UnitTests.testMonitorCompleto2$HiloGenerador run
INFORMACIÓN: 
	**********************************************************************
 	Finalizando Proceso 2, cuenta: 16
	**********************************************************************
Marcado P0: 1
feb 17, 2018 1:49:42 PM UnitTests.testMonitorCompleto2$HiloGenerador run
INFORMACIÓN: 
	**********************************************************************
 	Finalizando Proceso 2, cuenta: 17
	**********************************************************************
Marcado P0: 2
feb 17, 2018 1:49:44 PM UnitTests.testMonitorCompleto2$HiloGenerador run
INFORMACIÓN: 
	**********************************************************************
 	Finalizando Proceso 2, cuenta: 18
	**********************************************************************
Marcado P0: 1
feb 17, 2018 1:49:46 PM UnitTests.testMonitorCompleto2$HiloGenerador run
INFORMACIÓN: 
	**********************************************************************
 	Finalizando Proceso 2, cuenta: 19
	**********************************************************************
Marcado P0: 2
feb 17, 2018 1:49:48 PM UnitTests.testMonitorCompleto2$HiloGenerador run
INFORMACIÓN: 
	**********************************************************************
 	Finalizando Proceso 2, cuenta: 20
	**********************************************************************
Marcado P0: 1
feb 17, 2018 1:49:50 PM UnitTests.testMonitorCompleto2$HiloGenerador run
INFORMACIÓN: 
	**********************************************************************
 	Finalizando Proceso 2, cuenta: 21
	**********************************************************************
Marcado P0: 2
feb 17, 2018 1:49:52 PM UnitTests.testMonitorCompleto2$HiloGenerador run
INFORMACIÓN: 
	**********************************************************************
 	Finalizando Proceso 2, cuenta: 22
	**********************************************************************
Marcado P0: 1
feb 17, 2018 1:49:54 PM UnitTests.testMonitorCompleto2$HiloGenerador run
INFORMACIÓN: 
	**********************************************************************
 	Finalizando Proceso 2, cuenta: 23
	**********************************************************************
Marcado P0: 0
feb 17, 2018 1:49:56 PM UnitTests.testMonitorCompleto2$HiloGenerador run
INFORMACIÓN: 
	**********************************************************************
 	Finalizando Proceso 2, cuenta: 24
	**********************************************************************
Marcado P0: 1
feb 17, 2018 1:49:58 PM UnitTests.testMonitorCompleto2$HiloGenerador run
INFORMACIÓN: 
	**********************************************************************
 	Finalizando Proceso 2, cuenta: 25
	**********************************************************************
Marcado P0: 0
feb 17, 2018 1:50:00 PM UnitTests.testMonitorCompleto2$HiloGenerador run
INFORMACIÓN: 
	**********************************************************************
 	Finalizando Proceso 2, cuenta: 26
	**********************************************************************
Marcado P0: 1
feb 17, 2018 1:50:02 PM UnitTests.testMonitorCompleto2$HiloGenerador run
INFORMACIÓN: 
	**********************************************************************
 	Finalizando Proceso 2, cuenta: 27
	**********************************************************************
Marcado P0: 2
feb 17, 2018 1:50:05 PM UnitTests.testMonitorCompleto2$HiloGenerador run
INFORMACIÓN: 
	**********************************************************************
 	Finalizando Proceso 2, cuenta: 28
	**********************************************************************
Marcado P0: 1
feb 17, 2018 1:50:07 PM UnitTests.testMonitorCompleto2$HiloGenerador run
INFORMACIÓN: 
	**********************************************************************
 	Finalizando Proceso 2, cuenta: 29
	**********************************************************************
Marcado P0: 2
feb 17, 2018 1:50:09 PM UnitTests.testMonitorCompleto2$HiloGenerador run
INFORMACIÓN: 
	**********************************************************************
 	Finalizando Proceso 2, cuenta: 30
	**********************************************************************
Marcado P0: 1
feb 17, 2018 1:50:11 PM UnitTests.testMonitorCompleto2$HiloGenerador run
INFORMACIÓN: 
	**********************************************************************
 	Finalizando Proceso 2, cuenta: 31
	**********************************************************************
Marcado P0: 2
feb 17, 2018 1:50:13 PM UnitTests.testMonitorCompleto2$HiloGenerador run
INFORMACIÓN: 
	**********************************************************************
 	Finalizando Proceso 2, cuenta: 32
	**********************************************************************
Marcado P0: 1
feb 17, 2018 1:50:15 PM UnitTests.testMonitorCompleto2$HiloGenerador run
INFORMACIÓN: 
	**********************************************************************
 	Finalizando Proceso 2, cuenta: 33
	**********************************************************************
Marcado P0: 2
feb 17, 2018 1:50:17 PM UnitTests.testMonitorCompleto2$HiloGenerador run
INFORMACIÓN: 
	**********************************************************************
 	Finalizando Proceso 2, cuenta: 34
	**********************************************************************
Marcado P0: 1
feb 17, 2018 1:50:19 PM UnitTests.testMonitorCompleto2$HiloGenerador run
INFORMACIÓN: 
	**********************************************************************
 	Finalizando Proceso 2, cuenta: 35
	**********************************************************************
Marcado P0: 2
feb 17, 2018 1:50:22 PM UnitTests.testMonitorCompleto2$HiloGenerador run
INFORMACIÓN: 
	**********************************************************************
 	Finalizando Proceso 2, cuenta: 36
	**********************************************************************
Marcado P0: 1
feb 17, 2018 1:50:24 PM UnitTests.testMonitorCompleto2$HiloGenerador run
INFORMACIÓN: 
	**********************************************************************
 	Finalizando Proceso 2, cuenta: 37
	**********************************************************************
Marcado P0: 2
feb 17, 2018 1:50:26 PM UnitTests.testMonitorCompleto2$HiloGenerador run
INFORMACIÓN: 
	**********************************************************************
 	Finalizando Proceso 2, cuenta: 38
	**********************************************************************
Marcado P0: 1
feb 17, 2018 1:50:28 PM UnitTests.testMonitorCompleto2$HiloGenerador run
INFORMACIÓN: 
	**********************************************************************
 	Finalizando Proceso 2, cuenta: 39
	**********************************************************************
Marcado P0: 2
feb 17, 2018 1:50:31 PM UnitTests.testMonitorCompleto2$HiloGenerador run
INFORMACIÓN: 
	**********************************************************************
 	Finalizando Proceso 2, cuenta: 40
	**********************************************************************
Marcado P0: 1
feb 17, 2018 1:50:33 PM UnitTests.testMonitorCompleto2$HiloGenerador run
INFORMACIÓN: 
	**********************************************************************
 	Finalizando Proceso 2, cuenta: 41
	**********************************************************************
Marcado P0: 2
feb 17, 2018 1:50:35 PM UnitTests.testMonitorCompleto2$HiloGenerador run
INFORMACIÓN: 
	**********************************************************************
 	Finalizando Proceso 2, cuenta: 42
	**********************************************************************
Marcado P0: 1
feb 17, 2018 1:50:38 PM UnitTests.testMonitorCompleto2$HiloGenerador run
INFORMACIÓN: 
	**********************************************************************
 	Finalizando Proceso 2, cuenta: 43
	**********************************************************************
Marcado P0: 2
feb 17, 2018 1:50:40 PM UnitTests.testMonitorCompleto2$HiloGenerador run
INFORMACIÓN: 
	**********************************************************************
 	Finalizando Proceso 2, cuenta: 44
	**********************************************************************
Marcado P0: 1
feb 17, 2018 1:50:42 PM UnitTests.testMonitorCompleto2$HiloGenerador run
INFORMACIÓN: 
	**********************************************************************
 	Finalizando Proceso 2, cuenta: 45
	**********************************************************************
Marcado P0: 2
feb 17, 2018 1:50:45 PM UnitTests.testMonitorCompleto2$HiloGenerador run
INFORMACIÓN: 
	**********************************************************************
 	Finalizando Proceso 2, cuenta: 46
	**********************************************************************
Marcado P0: 1
feb 17, 2018 1:50:48 PM UnitTests.testMonitorCompleto2$HiloGenerador run
INFORMACIÓN: 
	**********************************************************************
 	Finalizando Proceso 2, cuenta: 47
	**********************************************************************
Marcado P0: 0
feb 17, 2018 1:50:50 PM UnitTests.testMonitorCompleto2$HiloGenerador run
INFORMACIÓN: 
	**********************************************************************
 	Finalizando Proceso 2, cuenta: 48
	**********************************************************************
Marcado P0: 1
